AMap_Android_Navi_Demo_V1.1.1/proguard/seeds.txt
com.amap.navi.demo.MainApplication
com.amap.navi.demo.R$array: int preference_values_tts_role
com.amap.navi.demo.R$color: int black
com.amap.navi.demo.R$color: int darkgrey
com.amap.navi.demo.R$color: int darkyellow
com.amap.navi.demo.R$color: int grey
com.amap.navi.demo.R$color: int red
com.amap.navi.demo.R$color: int white
com.amap.navi.demo.R$dimen: int activity_horizontal_margin
com.amap.navi.demo.R$dimen: int activity_vertical_margin
com.amap.navi.demo.R$dimen: int margin_bottom
com.amap.navi.demo.R$dimen: int margin_left
com.amap.navi.demo.R$dimen: int margin_right
com.amap.navi.demo.R$dimen: int margin_top
com.amap.navi.demo.R$dimen: int navibar_button_height
com.amap.navi.demo.R$dimen: int navibar_edit_height
com.amap.navi.demo.R$dimen: int navibar_margin_left
com.amap.navi.demo.R$dimen: int navibar_margin_method
com.amap.navi.demo.R$dimen: int navibar_margin_right
com.amap.navi.demo.R$dimen: int navibar_margin_top
com.amap.navi.demo.R$dimen: int navibar_start_left
com.amap.navi.demo.R$dimen: int navibar_text_size
com.amap.navi.demo.R$dimen: int naviroute_navi_height
com.amap.navi.demo.R$dimen: int navisetting_margin_bottom
com.amap.navi.demo.R$dimen: int navisetting_subtext_size
com.amap.navi.demo.R$dimen: int route_text_size
com.amap.navi.demo.R$dimen: int setting_margin_bottom
com.amap.navi.demo.R$dimen: int setting_margin_top
com.amap.navi.demo.R$dimen: int start_content_font_size
com.amap.navi.demo.R$dimen: int titletext_size
com.amap.navi.demo.R$drawable: int back_top
com.amap.navi.demo.R$drawable: int border
com.amap.navi.demo.R$drawable: int downarrow
com.amap.navi.demo.R$drawable: int end
com.amap.navi.demo.R$drawable: int ic_launcher
com.amap.navi.demo.R$drawable: int location_marker
com.amap.navi.demo.R$drawable: int pressednooutborder
com.amap.navi.demo.R$drawable: int start
com.amap.navi.demo.R$drawable: int startborder
com.amap.navi.demo.R$drawable: int way
com.amap.navi.demo.R$drawable: int whiteborder
com.amap.navi.demo.R$drawable: int whitedownborder
com.amap.navi.demo.R$drawable: int whitenooutborder
com.amap.navi.demo.R$id: int camera_group
com.amap.navi.demo.R$id: int cameranoradio
com.amap.navi.demo.R$id: int camerayesradio
com.amap.navi.demo.R$id: int car_navi_emulator
com.amap.navi.demo.R$id: int car_navi_navi
com.amap.navi.demo.R$id: int car_navi_route
com.amap.navi.demo.R$id: int customnavimap
com.amap.navi.demo.R$id: int day_night_group
com.amap.navi.demo.R$id: int dayratio
com.amap.navi.demo.R$id: int deviation_group
com.amap.navi.demo.R$id: int deviationnoradio
com.amap.navi.demo.R$id: int deviationyesradio
com.amap.navi.demo.R$id: int end_position_textview
com.amap.navi.demo.R$id: int foot_navi_emulator
com.amap.navi.demo.R$id: int foot_navi_navi
com.amap.navi.demo.R$id: int foot_navi_route
com.amap.navi.demo.R$id: int gps_end_position_textview
com.amap.navi.demo.R$id: int gps_start_navi_button
com.amap.navi.demo.R$id: int gps_start_position_textview
com.amap.navi.demo.R$id: int hud_end_position_textview
com.amap.navi.demo.R$id: int hud_start_navi_button
com.amap.navi.demo.R$id: int hud_start_position_textview
com.amap.navi.demo.R$id: int hudview
com.amap.navi.demo.R$id: int jam_group
com.amap.navi.demo.R$id: int jam_no_radio
com.amap.navi.demo.R$id: int jam_yes_radio
com.amap.navi.demo.R$id: int main_start_complex_text
com.amap.navi.demo.R$id: int main_start_hud_text
com.amap.navi.demo.R$id: int main_start_navi_text
com.amap.navi.demo.R$id: int main_start_route_text
com.amap.navi.demo.R$id: int map
...
com.amap.api.maps.AMap$OnMapLongClickListener
com.amap.api.maps.AMap$OnMapLongClickListener: void onMapLongClick(com.amap.api.maps.model.LatLng)
com.amap.api.maps.AMap$OnMapScreenShotListener
com.amap.api.maps.AMap$OnMapScreenShotListener: void onMapScreenShot(android.graphics.Bitmap)
com.amap.api.maps.AMap$OnMapTouchListener
com.amap.api.maps.AMap$OnMapTouchListener: void onTouch(android.view.MotionEvent)
com.amap.api.maps.AMap$OnMarkerClickListener
com.amap.api.maps.AMap$OnMarkerClickListener: boolean onMarkerClick(com.amap.api.maps.model.Marker)
com.amap.api.maps.AMap$OnMarkerDragListener
com.amap.api.maps.AMap$OnMarkerDragListener: void onMarkerDragStart(com.amap.api.maps.model.Marker)
com.amap.api.maps.AMap$OnMarkerDragListener: void onMarkerDrag(com.amap.api.maps.model.Marker)
com.amap.api.maps.AMap$OnMarkerDragListener: void onMarkerDragEnd(com.amap.api.maps.model.Marker)
com.amap.api.maps.AMap$OnMyLocationChangeListener
com.amap.api.maps.AMap$OnMyLocationChangeListener: void onMyLocationChange(android.location.Location)
com.amap.api.maps.AMap$onMapPrintScreenListener
com.amap.api.maps.AMap$onMapPrintScreenListener: void onMapPrint(android.graphics.drawable.Drawable)
com.amap.api.maps.AMapException
com.amap.api.maps.AMapException: java.lang.String ERROR_IO
com.amap.api.maps.AMapException: java.lang.String ERROR_SOCKET
com.amap.api.maps.AMapException: java.lang.String ERROR_SOCKE_TIME_OUT
com.amap.api.maps.AMapException: java.lang.String ERROR_INVALID_PARAMETER
com.amap.api.maps.AMapException: java.lang.String ERROR_NULL_PARAMETER
com.amap.api.maps.AMapException: java.lang.String ERROR_URL
com.amap.api.maps.AMapException: java.lang.String ERROR_UNKNOW_HOST
com.amap.api.maps.AMapException: java.lang.String ERROR_UNKNOW_SERVICE
com.amap.api.maps.AMapException: java.lang.String ERROR_PROTOCOL
com.amap.api.maps.AMapException: java.lang.String ERROR_CONNECTION
com.amap.api.maps.AMapException: java.lang.String ERROR_UNKNOWN
com.amap.api.maps.AMapException: java.lang.String ERROR_FAILURE_AUTH
com.amap.api.maps.AMapException: java.lang.String ERROR_NOT_ENOUGH_SPACE
com.amap.api.maps.AMapException: java.lang.String ERROR_NOT_AVAILABLE
com.amap.api.maps.AMapException: java.lang.String a
com.amap.api.maps.AMapException: AMapException(java.lang.String)
com.amap.api.maps.AMapException: AMapException()
com.amap.api.maps.AMapException: java.lang.String getErrorMessage()
com.amap.api.maps.AMapNativeRenderer
com.amap.api.maps.AMapNativeRenderer: AMapNativeRenderer()
com.amap.api.maps.AMapNativeRenderer: void nativeDrawLineByTextureID(float[],int,float,int,float,float,float,float,float,boolean,boolean)
com.amap.api.maps.AMapNativeRenderer: void nativeDrawArrowLineWithPoints(float[],int,float,float,float,float,float,float,float,float,float,float)
com.amap.api.maps.AMapNativeRenderer: void <clinit>()