AMap_Android_Navi_Demo_V1.1.1/proguard/mapping.txt
com.amap.navi.demo.MainApplication -> com.amap.navi.demo.MainApplication:
    java.util.ArrayList activities -> a
    com.amap.navi.demo.MainApplication instance -> b
    com.amap.navi.demo.MainApplication getInstance() -> a
    void addActivity(android.app.Activity) -> a
    void deleteActivity(android.app.Activity) -> b
    void exit() -> b
com.amap.navi.demo.TTSController -> com.amap.navi.demo.a:
    com.amap.navi.demo.TTSController ttsManager -> a
    android.content.Context mContext -> c
    com.iflytek.cloud.speech.SpeechSynthesizer mSpeechSynthesizer -> d
    com.iflytek.cloud.speech.SpeechListener listener -> e
    boolean isfinish -> b
    com.amap.navi.demo.TTSController getInstance(android.content.Context) -> a
    void init() -> a
    void playText(java.lang.String) -> a
    void stopSpeaking() -> b
    void startSpeaking() -> c
    void initSpeechSynthesizer() -> e
    void onBufferProgress(int,int,int,java.lang.String) -> onBufferProgress
    void onCompleted(com.iflytek.cloud.speech.SpeechError) -> onCompleted
    void onSpeakBegin() -> onSpeakBegin
    void onSpeakPaused() -> onSpeakPaused
    void onSpeakProgress(int,int,int) -> onSpeakProgress
    void onSpeakResumed() -> onSpeakResumed
    void destroy() -> d
    void onArriveDestination() -> onArriveDestination
    void onArrivedWayPoint(int) -> onArrivedWayPoint
    void onCalculateRouteFailure(int) -> onCalculateRouteFailure
    void onCalculateRouteSuccess() -> onCalculateRouteSuccess
    void onEndEmulatorNavi() -> onEndEmulatorNavi
    void onGetNavigationText(int,java.lang.String) -> onGetNavigationText
    void onInitNaviFailure() -> onInitNaviFailure
    void onInitNaviSuccess() -> onInitNaviSuccess
    void onLocationChange(com.amap.api.navi.model.AMapNaviLocation) -> onLocationChange
com.amap.navi.demo.TTSController$1 -> com.amap.navi.demo.b:
    com.amap.navi.demo.TTSController this$0 -> a
    void onData(byte[]) -> onData
    void onCompleted(com.iflytek.cloud.speech.SpeechError) -> onCompleted
    void onEvent(int,android.os.Bundle) -> onEvent
com.amap.navi.demo.activity.MainStartActivity -> com.amap.navi.demo.activity.MainStartActivity:
    android.widget.TextView mRouteTextView -> a
    android.widget.TextView mNaviTextView -> b
    android.widget.TextView mHudTextView -> c
    android.widget.TextView mComplexTextView -> d
    void onCreate(android.os.Bundle) -> onCreate
    void initView() -> a
    boolean onKeyDown(int,android.view.KeyEvent) -> onKeyDown
    void onClick(android.view.View) -> onClick
    void onDestroy() -> onDestroy
com.amap.navi.demo.activity.NaviCustomActivity -> com.amap.navi.demo.activity.NaviCustomActivity:
    com.amap.api.navi.AMapNaviView mAmapAMapNaviView -> a
    boolean mDayNightFlag -> b
    boolean mDeviationFlag -> c
    boolean mJamFlag -> d
    boolean mTrafficFlag -> e
    boolean mCameraFlag -> f
    boolean mScreenFlag -> g
    int mThemeStle -> h
    com.amap.api.navi.AMapNaviListener mAmapNaviListener -> i
    void onCreate(android.os.Bundle) -> onCreate
    void initView(android.os.Bundle) -> a
    void setAmapNaviViewOptions() -> a
    com.amap.api.navi.AMapNaviListener getAMapNaviListener() -> b
    void onNaviCancel() -> onNaviCancel
    void onNaviSetting() -> onNaviSetting
    void onNaviMapMode(int) -> onNaviMapMode
    void onNaviTurnClick() -> onNaviTurnClick
    void onNextRoadClick() -> onNextRoadClick
    void onScanViewButtonClick() -> onScanViewButtonClick
    void processBundle(android.os.Bundle) -> b
    void onNewIntent(android.content.Intent) -> onNewIntent
    boolean onKeyDown(int,android.view.KeyEvent) -> onKeyDown
    void onSaveInstanceState(android.os.Bundle) -> onSaveInstanceState
    void onResume() -> onResume
    void onPause() -> onPause
    void onDestroy() -> onDestroy
...
com.amap.api.maps.model.LatLngCreator -> com.amap.api.maps.model.LatLngCreator:
    int CONTENT_DESCRIPTION -> CONTENT_DESCRIPTION
    com.amap.api.maps.model.LatLng createFromParcel(android.os.Parcel) -> createFromParcel
    com.amap.api.maps.model.LatLng[] newArray(int) -> newArray
    java.lang.Object[] newArray(int) -> newArray
    java.lang.Object createFromParcel(android.os.Parcel) -> createFromParcel
com.amap.api.maps.model.Marker -> com.amap.api.maps.model.Marker:
    com.amap.api.mapcore.aa a -> a
    void setPeriod(int) -> setPeriod
    int getPeriod() -> getPeriod
    void setIcons(java.util.ArrayList) -> setIcons
    java.util.ArrayList getIcons() -> getIcons
    void remove() -> remove
    void destroy() -> destroy
    java.lang.String getId() -> getId
    void setPerspective(boolean) -> setPerspective
    boolean isPerspective() -> isPerspective
    void setPosition(com.amap.api.maps.model.LatLng) -> setPosition
    com.amap.api.maps.model.LatLng getPosition() -> getPosition
    void setTitle(java.lang.String) -> setTitle
    java.lang.String getTitle() -> getTitle
    void setSnippet(java.lang.String) -> setSnippet
    java.lang.String getSnippet() -> getSnippet
    void setIcon(com.amap.api.maps.model.BitmapDescriptor) -> setIcon
    void setAnchor(float,float) -> setAnchor
    void setDraggable(boolean) -> setDraggable
    boolean isDraggable() -> isDraggable
    void showInfoWindow() -> showInfoWindow
    void hideInfoWindow() -> hideInfoWindow
    boolean isInfoWindowShown() -> isInfoWindowShown
    void setVisible(boolean) -> setVisible
    boolean isVisible() -> isVisible
    boolean equals(java.lang.Object) -> equals
    int hashCode() -> hashCode
    void setObject(java.lang.Object) -> setObject
    java.lang.Object getObject() -> getObject
    void setRotateAngle(float) -> setRotateAngle
com.amap.api.maps.model.MarkerOptions -> com.amap.api.maps.model.MarkerOptions:
    com.amap.api.maps.model.MarkerOptionsCreator CREATOR -> CREATOR
    com.amap.api.maps.model.LatLng b -> b
    java.lang.String c -> c
    java.lang.String d -> d
    float e -> e
    float f -> f
    boolean g -> g
    boolean h -> h
    java.lang.String a -> a
    boolean i -> i
    int j -> j
    int k -> k
    java.util.ArrayList l -> l
    int m -> m
    boolean n -> n
    boolean o -> o
    com.amap.api.maps.model.MarkerOptions icons(java.util.ArrayList) -> icons
    java.util.ArrayList getIcons() -> getIcons
    com.amap.api.maps.model.MarkerOptions period(int) -> period
    int getPeriod() -> getPeriod
    boolean isPerspective() -> isPerspective
    com.amap.api.maps.model.MarkerOptions perspective(boolean) -> perspective
    com.amap.api.maps.model.MarkerOptions position(com.amap.api.maps.model.LatLng) -> position
    com.amap.api.maps.model.MarkerOptions setFlat(boolean) -> setFlat
    void a() -> a
    com.amap.api.maps.model.MarkerOptions icon(com.amap.api.maps.model.BitmapDescriptor) -> icon
    com.amap.api.maps.model.MarkerOptions anchor(float,float) -> anchor
    com.amap.api.maps.model.MarkerOptions setInfoWindowOffset(int,int) -> setInfoWindowOffset
    com.amap.api.maps.model.MarkerOptions title(java.lang.String) -> title
    com.amap.api.maps.model.MarkerOptions snippet(java.lang.String) -> snippet
com.amap.api.maps.model.MarkerOptionsCreator -> com.amap.api.maps.model.MarkerOptionsCreator:
    com.amap.api.maps.model.MarkerOptions createFromParcel(android.os.Parcel) -> createFromParcel
    com.amap.api.maps.model.MarkerOptions[] newArray(int) -> newArray
    java.lang.Object[] newArray(int) -> newArray
    java.lang.Object createFromParcel(android.os.Parcel) -> createFromParcel