AMap_Android_Navi_Demo_V1.1.1/proguard/usage.txt
com.amap.navi.demo.BuildConfig
com.amap.navi.demo.R
com.amap.navi.demo.R$array
com.amap.navi.demo.R$attr
com.amap.navi.demo.R$color
com.amap.navi.demo.R$dimen
com.amap.navi.demo.R$drawable
com.amap.navi.demo.R$id
com.amap.navi.demo.R$layout
com.amap.navi.demo.R$string
com.amap.navi.demo.activity.NaviStartActivity:
    private static final int MAP_CLICK_NO
    private static final int MAP_CLICK_START
    private static final int MAP_CLICK_WAY
    private static final int MAP_CLICK_END
    private static final int DRIVER_NAVI_METHOD
    private static final int WALK_NAVI_METHOD
    private static final int NAVI_METHOD
    private static final int ROUTE_METHOD
    private static final int BY_MY_POSITION
    private static final int BY_MAP_POSITION
    private static final int GPSNO
    private static final int CALCULATEERROR
    private static final int CALCULATESUCCESS
com.amap.navi.demo.util.Utils
...
android.support.v4.view.ViewGroupCompat:
    public static final int LAYOUT_MODE_CLIP_BOUNDS
    public static final int LAYOUT_MODE_OPTICAL_BOUNDS
    120:122:private ViewGroupCompat()
    141:141:public static boolean onRequestSendAccessibilityEvent(android.view.ViewGroup,android.view.View,android.view.accessibility.AccessibilityEvent)
    177:177:public static int getLayoutMode(android.view.ViewGroup)
    190:191:public static void setLayoutMode(android.view.ViewGroup,int)
android.support.v4.view.ViewGroupCompat$ViewGroupCompatIcsImpl:
    87:87:public boolean onRequestSendAccessibilityEvent(android.view.ViewGroup,android.view.View,android.view.accessibility.AccessibilityEvent)
android.support.v4.view.ViewGroupCompat$ViewGroupCompatImpl:
    public abstract boolean onRequestSendAccessibilityEvent(android.view.ViewGroup,android.view.View,android.view.accessibility.AccessibilityEvent)
    public abstract int getLayoutMode(android.view.ViewGroup)
    public abstract void setLayoutMode(android.view.ViewGroup,int)
android.support.v4.view.ViewGroupCompat$ViewGroupCompatJellybeanMR2Impl:
    94:94:public int getLayoutMode(android.view.ViewGroup)
    99:100:public void setLayoutMode(android.view.ViewGroup,int)
android.support.v4.view.ViewGroupCompat$ViewGroupCompatStubImpl:
    58:58:public boolean onRequestSendAccessibilityEvent(android.view.ViewGroup,android.view.View,android.view.accessibility.AccessibilityEvent)
    67:67:public int getLayoutMode(android.view.ViewGroup)
    73:73:public void setLayoutMode(android.view.ViewGroup,int)
android.support.v4.view.ViewGroupCompatHC:
    23:24:private ViewGroupCompatHC()
android.support.v4.view.ViewGroupCompatIcs
android.support.v4.view.ViewGroupCompatJellybeanMR2
android.support.v4.view.ViewPager:
    private static final java.lang.String TAG
    private static final boolean DEBUG
    private static final boolean USE_CACHE
    private static final int DEFAULT_OFFSCREEN_PAGES
    private static final int MAX_SETTLE_DURATION
    private static final int MIN_DISTANCE_FOR_FLING
    private static final int DEFAULT_GUTTER_SIZE
    private static final int MIN_FLING_VELOCITY
    private boolean mIgnoreGutter
    private static final int INVALID_POINTER
    private static final int CLOSE_ENOUGH
    private long mFakeDragBeginTime
    private static final int DRAW_ORDER_DEFAULT
    private static final int DRAW_ORDER_FORWARD
    private static final int DRAW_ORDER_REVERSE
    public static final int SCROLL_STATE_IDLE
    public static final int SCROLL_STATE_DRAGGING
    public static final int SCROLL_STATE_SETTLING
    344:346:public ViewPager(android.content.Context)
    608:620:public void setPageTransformer(boolean,android.support.v4.view.ViewPager$PageTransformer)
    778:779:void smoothScrollTo(int,int)
    2273:2289:public boolean beginFakeDrag()
    2299:2320:public void endFakeDrag()
    2330:2368:public void fakeDragBy(float)
    2380:2380:public boolean isFakeDragging()
android.support.v4.view.ViewPager$MyAccessibilityDelegate:
    2791:2808:public boolean performAccessibilityAction(android.view.View,int,android.os.Bundle)
android.support.v4.view.ViewPager$SimpleOnPageChangeListener
android.support.v4.view.ViewParentCompat
android.support.v4.view.ViewParentCompat$ViewParentCompatICSImpl
android.support.v4.view.ViewParentCompat$ViewParentCompatImpl
android.support.v4.view.ViewParentCompat$ViewParentCompatStubImpl
android.support.v4.view.ViewParentCompatICS
android.support.v4.view.WindowCompat
android.support.v4.view.accessibility.AccessibilityEventCompat
android.support.v4.view.accessibility.AccessibilityEventCompat$AccessibilityEventIcsImpl
android.support.v4.view.accessibility.AccessibilityEventCompat$AccessibilityEventStubImpl
android.support.v4.view.accessibility.AccessibilityEventCompat$AccessibilityEventVersionImpl
android.support.v4.view.accessibility.AccessibilityEventCompatIcs